# JRE version: Java(TM) SE Runtime Environment (8.0_111-b14) (build 1.8.0_111-b14)
# Java VM: Java HotSpot(TM) Client VM (25.111-b14 mixed mode windows-x86 )
Heap:
 def new generation   total 39424K, used 3060K [0x04a00000, 0x074c0000, 0x0f4a0000)
  eden space 35072K,   4% used [0x04a00000, 0x04bb0488, 0x06c40000)
  from space 4352K,  30% used [0x07080000, 0x071cce68, 0x074c0000)
  to   space 4352K,   0% used [0x06c40000, 0x06c40000, 0x07080000)
 tenured generation   total 87424K, used 43518K [0x0f4a0000, 0x14a00000, 0x24a00000)
   the space 87424K,  49% used [0x0f4a0000, 0x11f1fab0, 0x11f1fc00, 0x14a00000)
 Metaspace       used 18922K, capacity 19384K, committed 19456K, reserved 19840K
GC Heap History (10 events):
Event: 1111806.181 GC heap before
{Heap before GC invocations=3197 (full 1):
 def new generation   total 39424K, used 35113K [0x04a00000, 0x074c0000, 0x0f4a0000)
  eden space 35072K, 100% used [0x04a00000, 0x06c40000, 0x06c40000)
  from space 4352K,   0% used [0x06c40000, 0x06c4a7f0, 0x07080000)
  to   space 4352K,   0% used [0x07080000, 0x07080000, 0x074c0000)
 tenured generation   total 87424K, used 35800K [0x0f4a0000, 0x14a00000, 0x24a00000)
   the space 87424K,  40% used [0x0f4a0000, 0x11796178, 0x11796200, 0x14a00000)
 Metaspace       used 18692K, capacity 19150K, committed 19200K, reserved 19840K
Event: 1111806.182 GC heap after
Heap after GC invocations=3198 (full 1):
 def new generation   total 39424K, used 33K [0x04a00000, 0x074c0000, 0x0f4a0000)
  eden space 35072K,   0% used [0x04a00000, 0x04a00000, 0x06c40000)
  from space 4352K,   0% used [0x07080000, 0x070886e0, 0x074c0000)
  to   space 4352K,   0% used [0x06c40000, 0x06c40000, 0x07080000)
 tenured generation   total 87424K, used 35805K [0x0f4a0000, 0x14a00000, 0x24a00000)
   the space 87424K,  40% used [0x0f4a0000, 0x11797558, 0x11797600, 0x14a00000)
 Metaspace       used 18692K, capacity 19150K, committed 19200K, reserved 19840K
}
Event: 1111962.143 GC heap before
{Heap before GC invocations=3198 (full 1):
 def new generation   total 39424K, used 35105K [0x04a00000, 0x074c0000, 0x0f4a0000)
  eden space 35072K, 100% used [0x04a00000, 0x06c40000, 0x06c40000)
  from space 4352K,   0% used [0x07080000, 0x070886e0, 0x074c0000)
  to   space 4352K,   0% used [0x06c40000, 0x06c40000, 0x07080000)
 tenured generation   total 87424K, used 35805K [0x0f4a0000, 0x14a00000, 0x24a00000)
   the space 87424K,  40% used [0x0f4a0000, 0x11797558, 0x11797600, 0x14a00000)
 Metaspace       used 18692K, capacity 19150K, committed 19200K, reserved 19840K
Event: 1111962.144 GC heap after
Heap after GC invocations=3199 (full 1):
 def new generation   total 39424K, used 30K [0x04a00000, 0x074c0000, 0x0f4a0000)
  eden space 35072K,   0% used [0x04a00000, 0x04a00000, 0x06c40000)
  from space 4352K,   0% used [0x06c40000, 0x06c47848, 0x07080000)
  to   space 4352K,   0% used [0x07080000, 0x07080000, 0x074c0000)
 tenured generation   total 87424K, used 35806K [0x0f4a0000, 0x14a00000, 0x24a00000)
   the space 87424K,  40% used [0x0f4a0000, 0x11797be0, 0x11797c00, 0x14a00000)
 Metaspace       used 18692K, capacity 19150K, committed 19200K, reserved 19840K
}
Event: 1112095.480 GC heap before
{Heap before GC invocations=3199 (full 1):
 def new generation   total 39424K, used 35102K [0x04a00000, 0x074c0000, 0x0f4a0000)
  eden space 35072K, 100% used [0x04a00000, 0x06c40000, 0x06c40000)
  from space 4352K,   0% used [0x06c40000, 0x06c47848, 0x07080000)
  to   space 4352K,   0% used [0x07080000, 0x07080000, 0x074c0000)
 tenured generation   total 87424K, used 35806K [0x0f4a0000, 0x14a00000, 0x24a00000)
   the space 87424K,  40% used [0x0f4a0000, 0x11797be0, 0x11797c00, 0x14a00000)
 Metaspace       used 18700K, capacity 19155K, committed 19200K, reserved 19840K
Event: 1112095.482 GC heap after
Heap after GC invocations=3200 (full 1):
 def new generation   total 39424K, used 860K [0x04a00000, 0x074c0000, 0x0f4a0000)
  eden space 35072K,   0% used [0x04a00000, 0x04a00000, 0x06c40000)
  from space 4352K,  19% used [0x07080000, 0x071572d0, 0x074c0000)
  to   space 4352K,   0% used [0x06c40000, 0x06c40000, 0x07080000)
 tenured generation   total 87424K, used 35806K [0x0f4a0000, 0x14a00000, 0x24a00000)
   the space 87424K,  40% used [0x0f4a0000, 0x11797be0, 0x11797c00, 0x14a00000)
 Metaspace       used 18700K, capacity 19155K, committed 19200K, reserved 19840K
}
Event: 1112237.244 GC heap before
{Heap before GC invocations=3200 (full 1):
 def new generation   total 39424K, used 35932K [0x04a00000, 0x074c0000, 0x0f4a0000)
  eden space 35072K, 100% used [0x04a00000, 0x06c40000, 0x06c40000)
  from space 4352K,  19% used [0x07080000, 0x071572d0, 0x074c0000)
  to   space 4352K,   0% used [0x06c40000, 0x06c40000, 0x07080000)
 tenured generation   total 87424K, used 35806K [0x0f4a0000, 0x14a00000, 0x24a00000)
   the space 87424K,  40% used [0x0f4a0000, 0x11797be0, 0x11797c00, 0x14a00000)
 Metaspace       used 18700K, capacity 19155K, committed 19200K, reserved 19840K
Event: 1112237.268 GC heap after
Heap after GC invocations=3201 (full 1):
 def new generation   total 39424K, used 1126K [0x04a00000, 0x074c0000, 0x0f4a0000)
  eden space 35072K,   0% used [0x04a00000, 0x04a00000, 0x06c40000)
  from space 4352K,  25% used [0x06c40000, 0x06d59ad8, 0x07080000)
  to   space 4352K,   0% used [0x07080000, 0x07080000, 0x074c0000)
 tenured generation   total 87424K, used 43518K [0x0f4a0000, 0x14a00000, 0x24a00000)
   the space 87424K,  49% used [0x0f4a0000, 0x11f1fab0, 0x11f1fc00, 0x14a00000)
 Metaspace       used 18700K, capacity 19155K, committed 19200K, reserved 19840K
}
Event: 1112368.224 GC heap before
{Heap before GC invocations=3201 (full 1):
 def new generation   total 39424K, used 36051K [0x04a00000, 0x074c0000, 0x0f4a0000)
  eden space 35072K,  99% used [0x04a00000, 0x06c1b328, 0x06c40000)
  from space 4352K,  25% used [0x06c40000, 0x06d59ad8, 0x07080000)
  to   space 4352K,   0% used [0x07080000, 0x07080000, 0x074c0000)
 tenured generation   total 87424K, used 43518K [0x0f4a0000, 0x14a00000, 0x24a00000)
   the space 87424K,  49% used [0x0f4a0000, 0x11f1fab0, 0x11f1fc00, 0x14a00000)
 Metaspace       used 18922K, capacity 19384K, committed 19456K, reserved 19840K
Event: 1112368.233 GC heap after
Heap after GC invocations=3202 (full 1):
 def new generation   total 39424K, used 1331K [0x04a00000, 0x074c0000, 0x0f4a0000)
  eden space 35072K,   0% used [0x04a00000, 0x04a00000, 0x06c40000)
  from space 4352K,  30% used [0x07080000, 0x071cce68, 0x074c0000)
  to   space 4352K,   0% used [0x06c40000, 0x06c40000, 0x07080000)
 tenured generation   total 87424K, used 43518K [0x0f4a0000, 0x14a00000, 0x24a00000)
   the space 87424K,  49% used [0x0f4a0000, 0x11f1fab0, 0x11f1fc00, 0x14a00000)
 Metaspace       used 18922K, capacity 19384K, committed 19456K, reserved 19840K
}

